<?xml version="1.0" encoding="UTF-8"?>
<testng-results ignored="0" total="3" passed="1" failed="2" skipped="0">
  <reporter-output>
  </reporter-output>
  <suite started-at="2022-03-16T07:32:49Z" name="Orange HRM Suite" finished-at="2022-03-16T07:33:51Z" duration-ms="61896">
    <groups>
    </groups>
    <test started-at="2022-03-16T07:32:49Z" name="Firefox Tests" finished-at="2022-03-16T07:33:51Z" duration-ms="61896">
      <class name="testRunners.OrangeHrmTestNGRunner">
        <test-method is-config="true" signature="setUp(java.lang.String)[pri:0, instance:testRunners.OrangeHrmTestNGRunner@5276e6b0]" started-at="2022-03-16T07:32:52Z" name="setUp" finished-at="2022-03-16T07:33:07Z" duration-ms="14902" status="PASS">
          <params>
            <param index="0">
              <value>
                <![CDATA[firefox]]>
              </value>
            </param>
          </params>
          <reporter-output>
          </reporter-output>
        </test-method> <!-- setUp -->
        <test-method is-config="true" signature="setUp(java.lang.String)[pri:0, instance:testRunners.OrangeHrmTestNGRunner@5276e6b0]" started-at="2022-03-16T07:32:52Z" name="setUp" finished-at="2022-03-16T07:33:08Z" duration-ms="16018" status="PASS">
          <params>
            <param index="0">
              <value>
                <![CDATA[firefox]]>
              </value>
            </param>
          </params>
          <reporter-output>
          </reporter-output>
        </test-method> <!-- setUp -->
        <test-method is-config="true" signature="setUp(java.lang.String)[pri:0, instance:testRunners.OrangeHrmTestNGRunner@5276e6b0]" started-at="2022-03-16T07:32:52Z" name="setUp" finished-at="2022-03-16T07:33:09Z" duration-ms="16816" status="PASS">
          <params>
            <param index="0">
              <value>
                <![CDATA[firefox]]>
              </value>
            </param>
          </params>
          <reporter-output>
          </reporter-output>
        </test-method> <!-- setUp -->
        <test-method signature="verifyLoginFunctionality(java.lang.String, java.lang.String)[pri:0, instance:testRunners.OrangeHrmTestNGRunner@5276e6b0]" started-at="2022-03-16T07:33:07Z" name="verifyLoginFunctionality" description="Verify login functionality" data-provider="Authentication" finished-at="2022-03-16T07:33:29Z" duration-ms="22655" status="FAIL">
          <params>
            <param index="0">
              <value>
                <![CDATA[Admin123]]>
              </value>
            </param>
            <param index="1">
              <value>
                <![CDATA[admin123]]>
              </value>
            </param>
          </params>
          <exception class="java.lang.Exception">
            <message>
              <![CDATA[Could not click on logged in user link. Reason : Supplied function might have stalled
Build info: version: '4.0.0-alpha-5', revision: 'b3a0d621cc'
System info: host: 'DESKTOP-FP075KF', ip: '192.168.152.1', os.name: 'Windows 10', os.arch: 'amd64', os.version: '10.0', java.version: '14'
Driver info: driver.version: unknown]]>
            </message>
            <full-stacktrace>
              <![CDATA[java.lang.Exception: Could not click on logged in user link. Reason : Supplied function might have stalled
Build info: version: '4.0.0-alpha-5', revision: 'b3a0d621cc'
System info: host: 'DESKTOP-FP075KF', ip: '192.168.152.1', os.name: 'Windows 10', os.arch: 'amd64', os.version: '10.0', java.version: '14'
Driver info: driver.version: unknown
at utilities.ElementUtils.clickOnElement(ElementUtils.java:141)
at pages.OrangeHrmDashboardPage.checkSuccessfulLogin(OrangeHrmDashboardPage.java:33)
at testRunners.OrangeHrmTestNGRunner.verifyLoginFunctionality(OrangeHrmTestNGRunner.java:45)
at java.base/jdk.internal.reflect.NativeMethodAccessorImpl.invoke0(Native Method)
at java.base/jdk.internal.reflect.NativeMethodAccessorImpl.invoke(NativeMethodAccessorImpl.java:62)
at java.base/jdk.internal.reflect.DelegatingMethodAccessorImpl.invoke(DelegatingMethodAccessorImpl.java:43)
at java.base/java.lang.reflect.Method.invoke(Method.java:564)
at org.testng.internal.MethodInvocationHelper.invokeMethod(MethodInvocationHelper.java:124)
at org.testng.internal.Invoker.invokeMethod(Invoker.java:583)
at org.testng.internal.Invoker.invokeTestMethod(Invoker.java:719)
at org.testng.internal.TestMethodWithDataProviderMethodWorker.call(TestMethodWithDataProviderMethodWorker.java:71)
at org.testng.internal.TestMethodWithDataProviderMethodWorker.call(TestMethodWithDataProviderMethodWorker.java:14)
at java.base/java.util.concurrent.FutureTask.run(FutureTask.java:264)
at java.base/java.util.concurrent.Executors$RunnableAdapter.call(Executors.java:515)
at java.base/java.util.concurrent.FutureTask.run(FutureTask.java:264)
at java.base/java.util.concurrent.ThreadPoolExecutor.runWorker(ThreadPoolExecutor.java:1130)
at java.base/java.util.concurrent.ThreadPoolExecutor$Worker.run(ThreadPoolExecutor.java:630)
at java.base/java.lang.Thread.run(Thread.java:832)
]]>
            </full-stacktrace>
          </exception> <!-- java.lang.Exception -->
          <reporter-output>
          </reporter-output>
        </test-method> <!-- verifyLoginFunctionality -->
        <test-method signature="verifyLoginFunctionality(java.lang.String, java.lang.String)[pri:0, instance:testRunners.OrangeHrmTestNGRunner@5276e6b0]" started-at="2022-03-16T07:33:08Z" name="verifyLoginFunctionality" description="Verify login functionality" data-provider="Authentication" finished-at="2022-03-16T07:33:23Z" duration-ms="15496" status="PASS">
          <params>
            <param index="0">
              <value>
                <![CDATA[Admin]]>
              </value>
            </param>
            <param index="1">
              <value>
                <![CDATA[admin123]]>
              </value>
            </param>
          </params>
          <reporter-output>
          </reporter-output>
        </test-method> <!-- verifyLoginFunctionality -->
        <test-method signature="verifyLoginFunctionality(java.lang.String, java.lang.String)[pri:0, instance:testRunners.OrangeHrmTestNGRunner@5276e6b0]" started-at="2022-03-16T07:33:09Z" name="verifyLoginFunctionality" description="Verify login functionality" data-provider="Authentication" finished-at="2022-03-16T07:33:31Z" duration-ms="22270" status="FAIL">
          <params>
            <param index="0">
              <value>
                <![CDATA[Admin]]>
              </value>
            </param>
            <param index="1">
              <value>
                <![CDATA[admin]]>
              </value>
            </param>
          </params>
          <exception class="java.lang.Exception">
            <message>
              <![CDATA[Could not click on logged in user link. Reason : Supplied function might have stalled
Build info: version: '4.0.0-alpha-5', revision: 'b3a0d621cc'
System info: host: 'DESKTOP-FP075KF', ip: '192.168.152.1', os.name: 'Windows 10', os.arch: 'amd64', os.version: '10.0', java.version: '14'
Driver info: driver.version: unknown]]>
            </message>
            <full-stacktrace>
              <![CDATA[java.lang.Exception: Could not click on logged in user link. Reason : Supplied function might have stalled
Build info: version: '4.0.0-alpha-5', revision: 'b3a0d621cc'
System info: host: 'DESKTOP-FP075KF', ip: '192.168.152.1', os.name: 'Windows 10', os.arch: 'amd64', os.version: '10.0', java.version: '14'
Driver info: driver.version: unknown
at utilities.ElementUtils.clickOnElement(ElementUtils.java:141)
at pages.OrangeHrmDashboardPage.checkSuccessfulLogin(OrangeHrmDashboardPage.java:33)
at testRunners.OrangeHrmTestNGRunner.verifyLoginFunctionality(OrangeHrmTestNGRunner.java:45)
at java.base/jdk.internal.reflect.NativeMethodAccessorImpl.invoke0(Native Method)
at java.base/jdk.internal.reflect.NativeMethodAccessorImpl.invoke(NativeMethodAccessorImpl.java:62)
at java.base/jdk.internal.reflect.DelegatingMethodAccessorImpl.invoke(DelegatingMethodAccessorImpl.java:43)
at java.base/java.lang.reflect.Method.invoke(Method.java:564)
at org.testng.internal.MethodInvocationHelper.invokeMethod(MethodInvocationHelper.java:124)
at org.testng.internal.Invoker.invokeMethod(Invoker.java:583)
at org.testng.internal.Invoker.invokeTestMethod(Invoker.java:719)
at org.testng.internal.TestMethodWithDataProviderMethodWorker.call(TestMethodWithDataProviderMethodWorker.java:71)
at org.testng.internal.TestMethodWithDataProviderMethodWorker.call(TestMethodWithDataProviderMethodWorker.java:14)
at java.base/java.util.concurrent.FutureTask.run(FutureTask.java:264)
at java.base/java.util.concurrent.Executors$RunnableAdapter.call(Executors.java:515)
at java.base/java.util.concurrent.FutureTask.run(FutureTask.java:264)
at java.base/java.util.concurrent.ThreadPoolExecutor.runWorker(ThreadPoolExecutor.java:1130)
at java.base/java.util.concurrent.ThreadPoolExecutor$Worker.run(ThreadPoolExecutor.java:630)
at java.base/java.lang.Thread.run(Thread.java:832)
]]>
            </full-stacktrace>
          </exception> <!-- java.lang.Exception -->
          <reporter-output>
          </reporter-output>
        </test-method> <!-- verifyLoginFunctionality -->
        <test-method is-config="true" signature="tearDown()[pri:0, instance:testRunners.OrangeHrmTestNGRunner@5276e6b0]" started-at="2022-03-16T07:33:23Z" name="tearDown" finished-at="2022-03-16T07:33:25Z" duration-ms="1344" status="PASS">
          <reporter-output>
          </reporter-output>
        </test-method> <!-- tearDown -->
        <test-method is-config="true" signature="tearDown()[pri:0, instance:testRunners.OrangeHrmTestNGRunner@5276e6b0]" started-at="2022-03-16T07:33:49Z" name="tearDown" finished-at="2022-03-16T07:33:50Z" duration-ms="1242" status="PASS">
          <reporter-output>
          </reporter-output>
        </test-method> <!-- tearDown -->
        <test-method is-config="true" signature="tearDown()[pri:0, instance:testRunners.OrangeHrmTestNGRunner@5276e6b0]" started-at="2022-03-16T07:33:50Z" name="tearDown" finished-at="2022-03-16T07:33:51Z" duration-ms="1108" status="PASS">
          <reporter-output>
          </reporter-output>
        </test-method> <!-- tearDown -->
      </class> <!-- testRunners.OrangeHrmTestNGRunner -->
    </test> <!-- Firefox Tests -->
  </suite> <!-- Orange HRM Suite -->
</testng-results>
